(---------------------------------------------------------------------)
(                                                                     )
(    Allegro Netrev Import Logic                                      )
(                                                                     )
(    Drawing          : MPU6050mk6.brd                                )
(    Software Version : 17.2S055                                      )
(    Date/Time        : Sun Feb 23 15:47:31 2020                      )
(                                                                     )
(---------------------------------------------------------------------)


------ Directives ------------

Ripup etch:                  No
Ripup delete first segment:  No
Ripup retain bondwire:       No
Ripup symbols:               Always
Missing symbol has error:    No
DRC update:                  Yes
Schematic directory:         'H:\REALTIME PROGRAMMING\MPU 6050\allegro'
Design Directory:            'H:/Realtime programming/MPU 6050/Allegro'
Old design name:             'H:/Realtime programming/MPU 6050/Allegro/MPU6050mk6.brd'
New design name:             'H:/Realtime programming/MPU 6050/Allegro/0603design5brd.brd'

CmdLine: netrev.exe -y 1 -i H:\REALTIME PROGRAMMING\MPU 6050\allegro H:\Realtime programming\MPU 6050\Allegro\MPU6050mk6.brd H:\Realtime programming\MPU 6050\Allegro\0603design5brd

------ Preparing to read pst files ------

Starting to read H:/REALTIME PROGRAMMING/MPU 6050/allegro/pstchip.dat 
   Finished reading H:/REALTIME PROGRAMMING/MPU 6050/allegro/pstchip.dat (00:00:00.05)
Starting to read H:/REALTIME PROGRAMMING/MPU 6050/allegro/pstxprt.dat 
   Finished reading H:/REALTIME PROGRAMMING/MPU 6050/allegro/pstxprt.dat (00:00:00.00)
Starting to read H:/REALTIME PROGRAMMING/MPU 6050/allegro/pstxnet.dat 
   Finished reading H:/REALTIME PROGRAMMING/MPU 6050/allegro/pstxnet.dat (00:00:00.00)

------ Oversights/Warnings/Errors ------


------ Library Paths ------
MODULEPATH =  . 
           C:/Cadence/SPB_17.2/share/local/pcb/modules 

PSMPATH =  Q:/allegro/PCB_LIB/symbols/ 
           H:/EE4/Digital control board/footprints parts/ 
           . 
           symbols 
           .. 
           ../symbols 
           C:/Cadence/SPB_17.2/share/local/pcb/symbols 
           C:/Cadence/SPB_17.2/share/pcb/pcb_lib/symbols 
           C:/Cadence/SPB_17.2/share/pcb/allegrolib/symbols 

PADPATH =  Q:/allegro/PCB_LIB/padstacks/ 
           H:/EE4/Digital control board/footprints parts/ 
           . 
           symbols 
           .. 
           ../symbols 
           C:/Cadence/SPB_17.2/share/local/pcb/padstacks 
           C:/Cadence/SPB_17.2/share/pcb/pcb_lib/symbols 
           C:/Cadence/SPB_17.2/share/pcb/allegrolib/symbols 


------ Summary Statistics ------


netrev run on Feb 23 15:47:31 2020
   DESIGN NAME : 'DESIGN1'
   PACKAGING ON May 11 2019 05:12:43

   COMPILE 'logic'
   CHECK_PIN_NAMES OFF
   CROSS_REFERENCE OFF
   FEEDBACK OFF
   INCREMENTAL OFF
   INTERFACE_TYPE PHYSICAL
   MAX_ERRORS 500
   MERGE_MINIMUM 5
   NET_NAME_CHARS '#%&()*+-./:=>?@[]^_`|'
   NET_NAME_LENGTH 24
   OVERSIGHTS ON
   REPLACE_CHECK OFF
   SINGLE_NODE_NETS ON
   SPLIT_MINIMUM 0
   SUPPRESS   20
   WARNINGS ON

 No error detected
 No oversight detected
 No warning detected

cpu time      0:03:17
elapsed time  0:00:02

