(---------------------------------------------------------------------)
(                                                                     )
(    DRC Update                                                       )
(                                                                     )
(    Drawing          : DESIGN2.brd                                   )
(    Software Version : 17.2S055                                      )
(    Date/Time        : Fri Feb 14 18:38:29 2020                      )
(                                                                     )
(---------------------------------------------------------------------)


 ========= check       0 shapes                       0:00:00
 ========= check       0 standalone pins              0:00:00
 ========= check       0 symbols (pins,lines,text)    0:00:00
 ========= check       0 xnets                        0:00:00
 ========= check       1 nets                         0:00:00
 ========= check       0 standalone branches          0:00:00
 ========= check       0 standalone filled rectangles 0:00:00
 ========= check       0 standalone lines             0:00:00
 ========= check       0 standalone text              0:00:00
 ========= check       0 standalone rectangles        0:00:00

 ..... Total number of DRC errors  0


WARNING: 1 dynamic shape(s) out of date;checking skipped on these elements.

 ..... DRC update completed, total CPU time   0:00:00
 *************************************************************************

